<?xml version="1.0" encoding="UTF-8"?>
<testng-results ignored="0" total="1" passed="1" failed="0" skipped="0">
  <reporter-output>
  </reporter-output>
  <suite started-at="2019-07-17T19:28:13Z" name="Default suite" finished-at="2019-07-17T19:28:17Z" duration-ms="4029">
    <groups>
    </groups>
    <test started-at="2019-07-17T19:28:13Z" name="Default test" finished-at="2019-07-17T19:28:17Z" duration-ms="4029">
      <class name="APITesting.APItestingwithTestNG.Delete_request">
        <test-method signature="egistrationSuccessful()[pri:0, instance:APITesting.APItestingwithTestNG.Delete_request@1757cd72]" started-at="2019-07-17T19:28:13Z" name="egistrationSuccessful" finished-at="2019-07-17T19:28:17Z" duration-ms="3959" status="PASS">
          <reporter-output>
          </reporter-output>
        </test-method> <!-- egistrationSuccessful -->
      </class> <!-- APITesting.APItestingwithTestNG.Delete_request -->
    </test> <!-- Default test -->
  </suite> <!-- Default suite -->
</testng-results>
